24-09-19.15:22:10.476 [main            ] INFO  Application            - Starting Application using Java 1.8.0_351 on 192.168.0.105 with PID 72465 (/Users/caicai/Documents/idea 项目/dynamic-thread-pool/dynamic-thread-pool-test/target/classes started by caicai in /Users/caicai/Documents/idea 项目/dynamic-thread-pool)
24-09-19.15:22:10.480 [main            ] INFO  Application            - The following 1 profile is active: "dev"
24-09-19.15:22:12.768 [main            ] INFO  RepositoryConfigurationDelegate - Multiple Spring Data modules found, entering strict repository configuration mode
24-09-19.15:22:12.772 [main            ] INFO  RepositoryConfigurationDelegate - Bootstrapping Spring Data Redis repositories in DEFAULT mode.
24-09-19.15:22:12.820 [main            ] INFO  RepositoryConfigurationDelegate - Finished Spring Data repository scanning in 14 ms. Found 0 Redis repository interfaces.
24-09-19.15:22:13.786 [main            ] INFO  TomcatWebServer        - Tomcat initialized with port(s): 8093 (http)
24-09-19.15:22:13.801 [main            ] INFO  Http11NioProtocol      - Initializing ProtocolHandler ["http-nio-8093"]
24-09-19.15:22:13.802 [main            ] INFO  StandardService        - Starting service [Tomcat]
24-09-19.15:22:13.803 [main            ] INFO  StandardEngine         - Starting Servlet engine: [Apache Tomcat/9.0.75]
24-09-19.15:22:14.120 [main            ] INFO  [/]                    - Initializing Spring embedded WebApplicationContext
24-09-19.15:22:14.121 [main            ] INFO  ServletWebServerApplicationContext - Root WebApplicationContext: initialization completed in 3495 ms
24-09-19.15:22:15.255 [main            ] WARN  AnnotationConfigServletWebServerApplicationContext - Exception encountered during context initialization - cancelling refresh attempt: org.springframework.beans.factory.UnsatisfiedDependencyException: Error creating bean with name 'dynamicThreadRedissonClient' defined in class path resource [cn/bugstack/middleware/dynamic/thread/pool/sdk/config/DynamicThreadPoolAutoConfig.class]: Unsatisfied dependency expressed through method 'redissonClient' parameter 0; nested exception is org.springframework.beans.factory.NoUniqueBeanDefinitionException: No qualifying bean of type 'cn.bugstack.middleware.dynamic.thread.pool.sdk.config.DynamicThreadPoolAutoProperties' available: expected single matching bean but found 2: dynamicThreadPoolAutoProperties,dynamic.thread.pool.config-cn.bugstack.middleware.dynamic.thread.pool.sdk.config.DynamicThreadPoolAutoProperties
24-09-19.15:22:15.262 [main            ] INFO  StandardService        - Stopping service [Tomcat]
24-09-19.15:22:15.286 [main            ] INFO  ConditionEvaluationReportLoggingListener - 

Error starting ApplicationContext. To display the conditions report re-run your application with 'debug' enabled.
24-09-19.15:22:15.322 [main            ] ERROR LoggingFailureAnalysisReporter - 

***************************
APPLICATION FAILED TO START
***************************

Description:

Parameter 0 of method redissonClient in cn.bugstack.middleware.dynamic.thread.pool.sdk.config.DynamicThreadPoolAutoConfig required a single bean, but 2 were found:
	- dynamicThreadPoolAutoProperties: defined in file [/Users/caicai/Documents/idea 项目/dynamic-thread-pool/dynamic-thread-pool-spring-boot-starter/target/classes/cn/bugstack/middleware/dynamic/thread/pool/sdk/config/DynamicThreadPoolAutoProperties.class]
	- dynamic.thread.pool.config-cn.bugstack.middleware.dynamic.thread.pool.sdk.config.DynamicThreadPoolAutoProperties: defined in unknown location


Action:

Consider marking one of the beans as @Primary, updating the consumer to accept multiple beans, or using @Qualifier to identify the bean that should be consumed

24-09-19.15:22:58.289 [main            ] INFO  Application            - Starting Application using Java 1.8.0_351 on 192.168.0.105 with PID 72487 (/Users/caicai/Documents/idea 项目/dynamic-thread-pool/dynamic-thread-pool-test/target/classes started by caicai in /Users/caicai/Documents/idea 项目/dynamic-thread-pool)
24-09-19.15:22:58.294 [main            ] INFO  Application            - The following 1 profile is active: "dev"
24-09-19.15:22:59.990 [main            ] INFO  RepositoryConfigurationDelegate - Multiple Spring Data modules found, entering strict repository configuration mode
24-09-19.15:22:59.993 [main            ] INFO  RepositoryConfigurationDelegate - Bootstrapping Spring Data Redis repositories in DEFAULT mode.
24-09-19.15:23:00.028 [main            ] INFO  RepositoryConfigurationDelegate - Finished Spring Data repository scanning in 13 ms. Found 0 Redis repository interfaces.
24-09-19.15:23:00.925 [main            ] INFO  TomcatWebServer        - Tomcat initialized with port(s): 8093 (http)
24-09-19.15:23:00.946 [main            ] INFO  Http11NioProtocol      - Initializing ProtocolHandler ["http-nio-8093"]
24-09-19.15:23:00.949 [main            ] INFO  StandardService        - Starting service [Tomcat]
24-09-19.15:23:00.950 [main            ] INFO  StandardEngine         - Starting Servlet engine: [Apache Tomcat/9.0.75]
24-09-19.15:23:01.244 [main            ] INFO  [/]                    - Initializing Spring embedded WebApplicationContext
24-09-19.15:23:01.245 [main            ] INFO  ServletWebServerApplicationContext - Root WebApplicationContext: initialization completed in 2786 ms
24-09-19.15:23:02.289 [main            ] WARN  AnnotationConfigServletWebServerApplicationContext - Exception encountered during context initialization - cancelling refresh attempt: org.springframework.beans.factory.UnsatisfiedDependencyException: Error creating bean with name 'dynamicThreadRedissonClient' defined in class path resource [cn/bugstack/middleware/dynamic/thread/pool/sdk/config/DynamicThreadPoolAutoConfig.class]: Unsatisfied dependency expressed through method 'redissonClient' parameter 0; nested exception is org.springframework.beans.factory.NoUniqueBeanDefinitionException: No qualifying bean of type 'cn.bugstack.middleware.dynamic.thread.pool.sdk.config.DynamicThreadPoolAutoProperties' available: expected single matching bean but found 2: dynamicThreadPoolAutoProperties,dynamic.thread.pool.config-cn.bugstack.middleware.dynamic.thread.pool.sdk.config.DynamicThreadPoolAutoProperties
24-09-19.15:23:02.294 [main            ] INFO  StandardService        - Stopping service [Tomcat]
24-09-19.15:23:02.314 [main            ] INFO  ConditionEvaluationReportLoggingListener - 

Error starting ApplicationContext. To display the conditions report re-run your application with 'debug' enabled.
24-09-19.15:23:02.349 [main            ] ERROR LoggingFailureAnalysisReporter - 

***************************
APPLICATION FAILED TO START
***************************

Description:

Parameter 0 of method redissonClient in cn.bugstack.middleware.dynamic.thread.pool.sdk.config.DynamicThreadPoolAutoConfig required a single bean, but 2 were found:
	- dynamicThreadPoolAutoProperties: defined in file [/Users/caicai/Documents/idea 项目/dynamic-thread-pool/dynamic-thread-pool-spring-boot-starter/target/classes/cn/bugstack/middleware/dynamic/thread/pool/sdk/config/DynamicThreadPoolAutoProperties.class]
	- dynamic.thread.pool.config-cn.bugstack.middleware.dynamic.thread.pool.sdk.config.DynamicThreadPoolAutoProperties: defined in unknown location


Action:

Consider marking one of the beans as @Primary, updating the consumer to accept multiple beans, or using @Qualifier to identify the bean that should be consumed

24-09-19.15:23:27.458 [main            ] INFO  Application            - Starting Application using Java 1.8.0_351 on 192.168.0.105 with PID 72498 (/Users/caicai/Documents/idea 项目/dynamic-thread-pool/dynamic-thread-pool-test/target/classes started by caicai in /Users/caicai/Documents/idea 项目/dynamic-thread-pool)
24-09-19.15:23:27.466 [main            ] INFO  Application            - The following 1 profile is active: "dev"
24-09-19.15:23:29.110 [main            ] INFO  RepositoryConfigurationDelegate - Multiple Spring Data modules found, entering strict repository configuration mode
24-09-19.15:23:29.112 [main            ] INFO  RepositoryConfigurationDelegate - Bootstrapping Spring Data Redis repositories in DEFAULT mode.
24-09-19.15:23:29.147 [main            ] INFO  RepositoryConfigurationDelegate - Finished Spring Data repository scanning in 12 ms. Found 0 Redis repository interfaces.
24-09-19.15:23:29.859 [main            ] INFO  TomcatWebServer        - Tomcat initialized with port(s): 8093 (http)
24-09-19.15:23:29.874 [main            ] INFO  Http11NioProtocol      - Initializing ProtocolHandler ["http-nio-8093"]
24-09-19.15:23:29.875 [main            ] INFO  StandardService        - Starting service [Tomcat]
24-09-19.15:23:29.875 [main            ] INFO  StandardEngine         - Starting Servlet engine: [Apache Tomcat/9.0.75]
24-09-19.15:23:30.110 [main            ] INFO  [/]                    - Initializing Spring embedded WebApplicationContext
24-09-19.15:23:30.111 [main            ] INFO  ServletWebServerApplicationContext - Root WebApplicationContext: initialization completed in 2512 ms
24-09-19.15:23:30.982 [main            ] WARN  AnnotationConfigServletWebServerApplicationContext - Exception encountered during context initialization - cancelling refresh attempt: org.springframework.beans.factory.UnsatisfiedDependencyException: Error creating bean with name 'dynamicThreadRedissonClient' defined in class path resource [cn/bugstack/middleware/dynamic/thread/pool/sdk/config/DynamicThreadPoolAutoConfig.class]: Unsatisfied dependency expressed through method 'redissonClient' parameter 0; nested exception is org.springframework.beans.factory.NoUniqueBeanDefinitionException: No qualifying bean of type 'cn.bugstack.middleware.dynamic.thread.pool.sdk.config.DynamicThreadPoolAutoProperties' available: expected single matching bean but found 2: dynamicThreadPoolAutoProperties,dynamic.thread.pool.config-cn.bugstack.middleware.dynamic.thread.pool.sdk.config.DynamicThreadPoolAutoProperties
24-09-19.15:23:30.987 [main            ] INFO  StandardService        - Stopping service [Tomcat]
24-09-19.15:23:31.009 [main            ] INFO  ConditionEvaluationReportLoggingListener - 

Error starting ApplicationContext. To display the conditions report re-run your application with 'debug' enabled.
24-09-19.15:23:31.036 [main            ] ERROR LoggingFailureAnalysisReporter - 

***************************
APPLICATION FAILED TO START
***************************

Description:

Parameter 0 of method redissonClient in cn.bugstack.middleware.dynamic.thread.pool.sdk.config.DynamicThreadPoolAutoConfig required a single bean, but 2 were found:
	- dynamicThreadPoolAutoProperties: defined in file [/Users/caicai/Documents/idea 项目/dynamic-thread-pool/dynamic-thread-pool-spring-boot-starter/target/classes/cn/bugstack/middleware/dynamic/thread/pool/sdk/config/DynamicThreadPoolAutoProperties.class]
	- dynamic.thread.pool.config-cn.bugstack.middleware.dynamic.thread.pool.sdk.config.DynamicThreadPoolAutoProperties: defined in unknown location


Action:

Consider marking one of the beans as @Primary, updating the consumer to accept multiple beans, or using @Qualifier to identify the bean that should be consumed

24-09-19.15:24:24.242 [main            ] INFO  Application            - Starting Application using Java 1.8.0_351 on 192.168.0.105 with PID 72509 (/Users/caicai/Documents/idea 项目/dynamic-thread-pool/dynamic-thread-pool-test/target/classes started by caicai in /Users/caicai/Documents/idea 项目/dynamic-thread-pool)
24-09-19.15:24:24.248 [main            ] INFO  Application            - The following 1 profile is active: "dev"
24-09-19.15:24:26.813 [main            ] INFO  RepositoryConfigurationDelegate - Multiple Spring Data modules found, entering strict repository configuration mode
24-09-19.15:24:26.818 [main            ] INFO  RepositoryConfigurationDelegate - Bootstrapping Spring Data Redis repositories in DEFAULT mode.
24-09-19.15:24:26.869 [main            ] INFO  RepositoryConfigurationDelegate - Finished Spring Data repository scanning in 17 ms. Found 0 Redis repository interfaces.
24-09-19.15:24:27.930 [main            ] INFO  TomcatWebServer        - Tomcat initialized with port(s): 8093 (http)
24-09-19.15:24:27.949 [main            ] INFO  Http11NioProtocol      - Initializing ProtocolHandler ["http-nio-8093"]
24-09-19.15:24:27.950 [main            ] INFO  StandardService        - Starting service [Tomcat]
24-09-19.15:24:27.951 [main            ] INFO  StandardEngine         - Starting Servlet engine: [Apache Tomcat/9.0.75]
24-09-19.15:24:28.295 [main            ] INFO  [/]                    - Initializing Spring embedded WebApplicationContext
24-09-19.15:24:28.296 [main            ] INFO  ServletWebServerApplicationContext - Root WebApplicationContext: initialization completed in 3835 ms
24-09-19.15:24:29.741 [main            ] INFO  Version                - Redisson 3.26.0
24-09-19.15:24:29.850 [main            ] WARN  DnsServerAddressStreamProviders - Can not find io.netty.resolver.dns.macos.MacOSDnsServerAddressStreamProvider in the classpath, fallback to system defaults. This may result in incorrect DNS resolutions on MacOS. Check whether you have a dependency on 'io.netty:netty-resolver-dns-native-macos'
24-09-19.15:24:33.696 [redisson-netty-1-5] WARN  DnsQueryContext        - Received a mismatching DNS response: DatagramDnsResponse(from: /192.168.1.1:53, to: /0:0:0:0:0:0:0:0:53661, 18610, QUERY(0), NXDomain(3), RD RA)
	DefaultDnsQuestion(NULL. IN A)
	DefaultDnsRawRecord(. 991 IN SOA 64B)
24-09-19.15:24:38.931 [main            ] WARN  AnnotationConfigServletWebServerApplicationContext - Exception encountered during context initialization - cancelling refresh attempt: org.springframework.beans.factory.BeanCreationException: Error creating bean with name 'dynamicThreadRedissonClient' defined in class path resource [cn/bugstack/middleware/dynamic/thread/pool/sdk/config/DynamicThreadPoolAutoConfig.class]: Bean instantiation via factory method failed; nested exception is org.springframework.beans.BeanInstantiationException: Failed to instantiate [org.redisson.api.RedissonClient]: Factory method 'redissonClient' threw exception; nested exception is org.redisson.client.RedisConnectionException: java.util.concurrent.ExecutionException: org.redisson.client.RedisConnectionException: java.net.UnknownHostException: Failed to resolve 'null' [A(1)] after 4 queries 
24-09-19.15:24:38.940 [main            ] INFO  StandardService        - Stopping service [Tomcat]
24-09-19.15:24:39.016 [main            ] INFO  ConditionEvaluationReportLoggingListener - 

Error starting ApplicationContext. To display the conditions report re-run your application with 'debug' enabled.
24-09-19.15:24:39.147 [main            ] ERROR SpringApplication      - Application run failed
org.springframework.beans.factory.BeanCreationException: Error creating bean with name 'dynamicThreadRedissonClient' defined in class path resource [cn/bugstack/middleware/dynamic/thread/pool/sdk/config/DynamicThreadPoolAutoConfig.class]: Bean instantiation via factory method failed; nested exception is org.springframework.beans.BeanInstantiationException: Failed to instantiate [org.redisson.api.RedissonClient]: Factory method 'redissonClient' threw exception; nested exception is org.redisson.client.RedisConnectionException: java.util.concurrent.ExecutionException: org.redisson.client.RedisConnectionException: java.net.UnknownHostException: Failed to resolve 'null' [A(1)] after 4 queries 
	at org.springframework.beans.factory.support.ConstructorResolver.instantiate(ConstructorResolver.java:658)
	at org.springframework.beans.factory.support.ConstructorResolver.instantiateUsingFactoryMethod(ConstructorResolver.java:638)
	at org.springframework.beans.factory.support.AbstractAutowireCapableBeanFactory.instantiateUsingFactoryMethod(AbstractAutowireCapableBeanFactory.java:1352)
	at org.springframework.beans.factory.support.AbstractAutowireCapableBeanFactory.createBeanInstance(AbstractAutowireCapableBeanFactory.java:1195)
	at org.springframework.beans.factory.support.AbstractAutowireCapableBeanFactory.doCreateBean(AbstractAutowireCapableBeanFactory.java:582)
	at org.springframework.beans.factory.support.AbstractAutowireCapableBeanFactory.createBean(AbstractAutowireCapableBeanFactory.java:542)
	at org.springframework.beans.factory.support.AbstractBeanFactory.lambda$doGetBean$0(AbstractBeanFactory.java:335)
	at org.springframework.beans.factory.support.DefaultSingletonBeanRegistry.getSingleton(DefaultSingletonBeanRegistry.java:234)
	at org.springframework.beans.factory.support.AbstractBeanFactory.doGetBean(AbstractBeanFactory.java:333)
	at org.springframework.beans.factory.support.AbstractBeanFactory.getBean(AbstractBeanFactory.java:208)
	at org.springframework.beans.factory.support.DefaultListableBeanFactory.preInstantiateSingletons(DefaultListableBeanFactory.java:955)
	at org.springframework.context.support.AbstractApplicationContext.finishBeanFactoryInitialization(AbstractApplicationContext.java:920)
	at org.springframework.context.support.AbstractApplicationContext.refresh(AbstractApplicationContext.java:583)
	at org.springframework.boot.web.servlet.context.ServletWebServerApplicationContext.refresh(ServletWebServerApplicationContext.java:147)
	at org.springframework.boot.SpringApplication.refresh(SpringApplication.java:731)
	at org.springframework.boot.SpringApplication.refreshContext(SpringApplication.java:408)
	at org.springframework.boot.SpringApplication.run(SpringApplication.java:307)
	at org.springframework.boot.SpringApplication.run(SpringApplication.java:1303)
	at org.springframework.boot.SpringApplication.run(SpringApplication.java:1292)
	at cn.bugstack.Application.main(Application.java:11)
Caused by: org.springframework.beans.BeanInstantiationException: Failed to instantiate [org.redisson.api.RedissonClient]: Factory method 'redissonClient' threw exception; nested exception is org.redisson.client.RedisConnectionException: java.util.concurrent.ExecutionException: org.redisson.client.RedisConnectionException: java.net.UnknownHostException: Failed to resolve 'null' [A(1)] after 4 queries 
	at org.springframework.beans.factory.support.SimpleInstantiationStrategy.instantiate(SimpleInstantiationStrategy.java:185)
	at org.springframework.beans.factory.support.ConstructorResolver.instantiate(ConstructorResolver.java:653)
	... 19 common frames omitted
Caused by: org.redisson.client.RedisConnectionException: java.util.concurrent.ExecutionException: org.redisson.client.RedisConnectionException: java.net.UnknownHostException: Failed to resolve 'null' [A(1)] after 4 queries 
	at org.redisson.connection.MasterSlaveConnectionManager.doConnect(MasterSlaveConnectionManager.java:229)
	at org.redisson.connection.MasterSlaveConnectionManager.connect(MasterSlaveConnectionManager.java:196)
	at org.redisson.config.ConfigSupport.createConnectionManager(ConfigSupport.java:220)
	at org.redisson.Redisson.<init>(Redisson.java:71)
	at org.redisson.Redisson.create(Redisson.java:116)
	at cn.bugstack.middleware.dynamic.thread.pool.sdk.config.DynamicThreadPoolAutoConfig.redissonClient(DynamicThreadPoolAutoConfig.java:53)
	at cn.bugstack.middleware.dynamic.thread.pool.sdk.config.DynamicThreadPoolAutoConfig$$EnhancerBySpringCGLIB$$17c928bc.CGLIB$redissonClient$0(<generated>)
	at cn.bugstack.middleware.dynamic.thread.pool.sdk.config.DynamicThreadPoolAutoConfig$$EnhancerBySpringCGLIB$$17c928bc$$FastClassBySpringCGLIB$$559de9fc.invoke(<generated>)
	at org.springframework.cglib.proxy.MethodProxy.invokeSuper(MethodProxy.java:244)
	at org.springframework.context.annotation.ConfigurationClassEnhancer$BeanMethodInterceptor.intercept(ConfigurationClassEnhancer.java:331)
	at cn.bugstack.middleware.dynamic.thread.pool.sdk.config.DynamicThreadPoolAutoConfig$$EnhancerBySpringCGLIB$$17c928bc.redissonClient(<generated>)
	at sun.reflect.NativeMethodAccessorImpl.invoke0(Native Method)
	at sun.reflect.NativeMethodAccessorImpl.invoke(NativeMethodAccessorImpl.java:62)
	at sun.reflect.DelegatingMethodAccessorImpl.invoke(DelegatingMethodAccessorImpl.java:43)
	at java.lang.reflect.Method.invoke(Method.java:498)
	at org.springframework.beans.factory.support.SimpleInstantiationStrategy.instantiate(SimpleInstantiationStrategy.java:154)
	... 20 common frames omitted
Caused by: java.util.concurrent.ExecutionException: org.redisson.client.RedisConnectionException: java.net.UnknownHostException: Failed to resolve 'null' [A(1)] after 4 queries 
	at java.util.concurrent.CompletableFuture.reportGet(CompletableFuture.java:357)
	at java.util.concurrent.CompletableFuture.get(CompletableFuture.java:1928)
	at org.redisson.connection.MasterSlaveConnectionManager.doConnect(MasterSlaveConnectionManager.java:225)
	... 35 common frames omitted
Caused by: org.redisson.client.RedisConnectionException: java.net.UnknownHostException: Failed to resolve 'null' [A(1)] after 4 queries 
	at org.redisson.client.RedisClient.lambda$resolveAddr$0(RedisClient.java:256)
	at io.netty.util.concurrent.DefaultPromise.notifyListener0(DefaultPromise.java:590)
	at io.netty.util.concurrent.DefaultPromise.notifyListeners0(DefaultPromise.java:583)
	at io.netty.util.concurrent.DefaultPromise.notifyListenersNow(DefaultPromise.java:559)
	at io.netty.util.concurrent.DefaultPromise.notifyListeners(DefaultPromise.java:492)
	at io.netty.util.concurrent.DefaultPromise.setValue0(DefaultPromise.java:636)
	at io.netty.util.concurrent.DefaultPromise.setFailure0(DefaultPromise.java:629)
	at io.netty.util.concurrent.DefaultPromise.setFailure(DefaultPromise.java:110)
	at io.netty.resolver.InetSocketAddressResolver$1.operationComplete(InetSocketAddressResolver.java:62)
	at io.netty.util.concurrent.DefaultPromise.notifyListener0(DefaultPromise.java:590)
	at io.netty.util.concurrent.DefaultPromise.notifyListeners0(DefaultPromise.java:583)
	at io.netty.util.concurrent.DefaultPromise.notifyListenersNow(DefaultPromise.java:559)
	at io.netty.util.concurrent.DefaultPromise.notifyListeners(DefaultPromise.java:492)
	at io.netty.util.concurrent.DefaultPromise.setValue0(DefaultPromise.java:636)
	at io.netty.util.concurrent.DefaultPromise.setFailure0(DefaultPromise.java:629)
	at io.netty.util.concurrent.DefaultPromise.tryFailure(DefaultPromise.java:118)
	at io.netty.resolver.dns.DnsNameResolver.tryFailure(DnsNameResolver.java:1025)
	at io.netty.resolver.dns.DnsNameResolver.access$400(DnsNameResolver.java:93)
	at io.netty.resolver.dns.DnsNameResolver$6.operationComplete(DnsNameResolver.java:1045)
	at io.netty.util.concurrent.DefaultPromise.notifyListener0(DefaultPromise.java:590)
	at io.netty.util.concurrent.DefaultPromise.notifyListenersNow(DefaultPromise.java:557)
	at io.netty.util.concurrent.DefaultPromise.notifyListeners(DefaultPromise.java:492)
	at io.netty.util.concurrent.DefaultPromise.setValue0(DefaultPromise.java:636)
	at io.netty.util.concurrent.DefaultPromise.setFailure0(DefaultPromise.java:629)
	at io.netty.util.concurrent.DefaultPromise.tryFailure(DefaultPromise.java:118)
	at io.netty.resolver.dns.DnsResolveContext.finishResolve(DnsResolveContext.java:1096)
	at io.netty.resolver.dns.DnsResolveContext.tryToFinishResolve(DnsResolveContext.java:1035)
	at io.netty.resolver.dns.DnsResolveContext.query(DnsResolveContext.java:422)
	at io.netty.resolver.dns.DnsResolveContext.onResponse(DnsResolveContext.java:655)
	at io.netty.resolver.dns.DnsResolveContext.access$500(DnsResolveContext.java:66)
	at io.netty.resolver.dns.DnsResolveContext$2.operationComplete(DnsResolveContext.java:482)
	at io.netty.util.concurrent.DefaultPromise.notifyListener0(DefaultPromise.java:590)
	at io.netty.util.concurrent.DefaultPromise.notifyListeners0(DefaultPromise.java:583)
	at io.netty.util.concurrent.DefaultPromise.notifyListenersNow(DefaultPromise.java:559)
	at io.netty.util.concurrent.DefaultPromise.notifyListeners(DefaultPromise.java:492)
	at io.netty.util.concurrent.DefaultPromise.setValue0(DefaultPromise.java:636)
	at io.netty.util.concurrent.DefaultPromise.setSuccess0(DefaultPromise.java:625)
	at io.netty.util.concurrent.DefaultPromise.trySuccess(DefaultPromise.java:105)
	at io.netty.resolver.dns.DnsQueryContext.trySuccess(DnsQueryContext.java:232)
	at io.netty.resolver.dns.DnsQueryContext.finish(DnsQueryContext.java:224)
	at io.netty.resolver.dns.DnsNameResolver$DnsResponseHandler.channelRead(DnsNameResolver.java:1364)
	at io.netty.channel.AbstractChannelHandlerContext.invokeChannelRead(AbstractChannelHandlerContext.java:444)
	at io.netty.channel.AbstractChannelHandlerContext.invokeChannelRead(AbstractChannelHandlerContext.java:420)
	at io.netty.channel.AbstractChannelHandlerContext.fireChannelRead(AbstractChannelHandlerContext.java:412)
	at io.netty.handler.codec.MessageToMessageDecoder.channelRead(MessageToMessageDecoder.java:103)
	at io.netty.channel.AbstractChannelHandlerContext.invokeChannelRead(AbstractChannelHandlerContext.java:444)
	at io.netty.channel.AbstractChannelHandlerContext.invokeChannelRead(AbstractChannelHandlerContext.java:420)
	at io.netty.channel.AbstractChannelHandlerContext.fireChannelRead(AbstractChannelHandlerContext.java:412)
	at io.netty.channel.DefaultChannelPipeline$HeadContext.channelRead(DefaultChannelPipeline.java:1410)
	at io.netty.channel.AbstractChannelHandlerContext.invokeChannelRead(AbstractChannelHandlerContext.java:440)
	at io.netty.channel.AbstractChannelHandlerContext.invokeChannelRead(AbstractChannelHandlerContext.java:420)
	at io.netty.channel.DefaultChannelPipeline.fireChannelRead(DefaultChannelPipeline.java:919)
	at io.netty.channel.nio.AbstractNioMessageChannel$NioMessageUnsafe.read(AbstractNioMessageChannel.java:97)
	at io.netty.channel.nio.NioEventLoop.processSelectedKey(NioEventLoop.java:788)
	at io.netty.channel.nio.NioEventLoop.processSelectedKeysOptimized(NioEventLoop.java:724)
	at io.netty.channel.nio.NioEventLoop.processSelectedKeys(NioEventLoop.java:650)
	at io.netty.channel.nio.NioEventLoop.run(NioEventLoop.java:562)
	at io.netty.util.concurrent.SingleThreadEventExecutor$4.run(SingleThreadEventExecutor.java:997)
	at io.netty.util.internal.ThreadExecutorMap$2.run(ThreadExecutorMap.java:74)
	at io.netty.util.concurrent.FastThreadLocalRunnable.run(FastThreadLocalRunnable.java:30)
	at java.lang.Thread.run(Thread.java:750)
Caused by: java.net.UnknownHostException: Failed to resolve 'null' [A(1)] after 4 queries 
	at io.netty.resolver.dns.DnsResolveContext.finishResolve(DnsResolveContext.java:1088)
	... 35 common frames omitted
24-09-19.15:26:30.736 [main            ] INFO  Application            - Starting Application using Java 1.8.0_351 on 192.168.0.105 with PID 72534 (/Users/caicai/Documents/idea 项目/dynamic-thread-pool/dynamic-thread-pool-test/target/classes started by caicai in /Users/caicai/Documents/idea 项目/dynamic-thread-pool)
24-09-19.15:26:30.741 [main            ] INFO  Application            - The following 1 profile is active: "dev"
24-09-19.15:26:32.825 [main            ] INFO  RepositoryConfigurationDelegate - Multiple Spring Data modules found, entering strict repository configuration mode
24-09-19.15:26:32.829 [main            ] INFO  RepositoryConfigurationDelegate - Bootstrapping Spring Data Redis repositories in DEFAULT mode.
24-09-19.15:26:32.863 [main            ] INFO  RepositoryConfigurationDelegate - Finished Spring Data repository scanning in 11 ms. Found 0 Redis repository interfaces.
24-09-19.15:26:33.828 [main            ] INFO  TomcatWebServer        - Tomcat initialized with port(s): 8093 (http)
24-09-19.15:26:33.844 [main            ] INFO  Http11NioProtocol      - Initializing ProtocolHandler ["http-nio-8093"]
24-09-19.15:26:33.845 [main            ] INFO  StandardService        - Starting service [Tomcat]
24-09-19.15:26:33.845 [main            ] INFO  StandardEngine         - Starting Servlet engine: [Apache Tomcat/9.0.75]
24-09-19.15:26:34.077 [main            ] INFO  [/]                    - Initializing Spring embedded WebApplicationContext
24-09-19.15:26:34.077 [main            ] INFO  ServletWebServerApplicationContext - Root WebApplicationContext: initialization completed in 3197 ms
24-09-19.15:26:35.289 [main            ] INFO  Version                - Redisson 3.26.0
24-09-19.15:26:35.377 [main            ] WARN  DnsServerAddressStreamProviders - Can not find io.netty.resolver.dns.macos.MacOSDnsServerAddressStreamProvider in the classpath, fallback to system defaults. This may result in incorrect DNS resolutions on MacOS. Check whether you have a dependency on 'io.netty:netty-resolver-dns-native-macos'
24-09-19.15:26:35.679 [redisson-netty-1-16] INFO  ConnectionsHolder      - 1 connections initialized for 127.0.0.1/127.0.0.1:6379
24-09-19.15:26:35.691 [redisson-netty-1-23] INFO  ConnectionsHolder      - 10 connections initialized for 127.0.0.1/127.0.0.1:6379
24-09-19.15:26:35.855 [main            ] INFO  DynamicThreadPoolAutoConfig - 动态线程池，注册器（redis）链接初始化完成。127.0.0.1 64 true
24-09-19.15:26:36.499 [main            ] INFO  EndpointLinksResolver  - Exposing 1 endpoint(s) beneath base path '/actuator'
24-09-19.15:26:36.555 [main            ] INFO  Http11NioProtocol      - Starting ProtocolHandler ["http-nio-8093"]
24-09-19.15:26:36.575 [main            ] INFO  TomcatWebServer        - Tomcat started on port(s): 8093 (http) with context path ''
24-09-19.15:26:36.604 [main            ] INFO  Application            - Started Application in 7.024 seconds (JVM running for 8.73)
24-09-19.15:26:36.968 [RMI TCP Connection(2)-192.168.0.105] INFO  [/]                    - Initializing Spring DispatcherServlet 'dispatcherServlet'
24-09-19.15:26:36.969 [RMI TCP Connection(2)-192.168.0.105] INFO  DispatcherServlet      - Initializing Servlet 'dispatcherServlet'
24-09-19.15:26:36.971 [RMI TCP Connection(2)-192.168.0.105] INFO  DispatcherServlet      - Completed initialization in 2 ms
24-09-19.15:26:40.273 [scheduling-1    ] INFO  ThreadPoolDataReportJob - 动态线程池，上报线程池信息：[{"activeCount":0,"appName":"dynamic-thread-pool-test-app","corePoolSize":20,"maximumPoolSize":50,"poolSize":0,"queueSize":0,"queueType":"LinkedBlockingQueue","remainingCapacity":5000,"threadPoolName":"threadPoolExecutor01"},{"activeCount":0,"appName":"dynamic-thread-pool-test-app","corePoolSize":20,"maximumPoolSize":50,"poolSize":0,"queueSize":0,"queueType":"LinkedBlockingQueue","remainingCapacity":5000,"threadPoolName":"threadPoolExecutor02"}]
24-09-19.15:26:40.279 [scheduling-1    ] INFO  ThreadPoolDataReportJob - 动态线程池，上报线程池配置：{"activeCount":0,"appName":"dynamic-thread-pool-test-app","corePoolSize":20,"maximumPoolSize":50,"poolSize":0,"queueSize":0,"queueType":"LinkedBlockingQueue","remainingCapacity":5000,"threadPoolName":"threadPoolExecutor01"}
24-09-19.15:26:40.281 [scheduling-1    ] INFO  ThreadPoolDataReportJob - 动态线程池，上报线程池配置：{"activeCount":0,"appName":"dynamic-thread-pool-test-app","corePoolSize":20,"maximumPoolSize":50,"poolSize":0,"queueSize":0,"queueType":"LinkedBlockingQueue","remainingCapacity":5000,"threadPoolName":"threadPoolExecutor02"}
24-09-19.15:27:00.010 [scheduling-1    ] INFO  ThreadPoolDataReportJob - 动态线程池，上报线程池信息：[{"activeCount":0,"appName":"dynamic-thread-pool-test-app","corePoolSize":20,"maximumPoolSize":50,"poolSize":0,"queueSize":0,"queueType":"LinkedBlockingQueue","remainingCapacity":5000,"threadPoolName":"threadPoolExecutor01"},{"activeCount":0,"appName":"dynamic-thread-pool-test-app","corePoolSize":20,"maximumPoolSize":50,"poolSize":0,"queueSize":0,"queueType":"LinkedBlockingQueue","remainingCapacity":5000,"threadPoolName":"threadPoolExecutor02"}]
24-09-19.15:27:00.014 [scheduling-1    ] INFO  ThreadPoolDataReportJob - 动态线程池，上报线程池配置：{"activeCount":0,"appName":"dynamic-thread-pool-test-app","corePoolSize":20,"maximumPoolSize":50,"poolSize":0,"queueSize":0,"queueType":"LinkedBlockingQueue","remainingCapacity":5000,"threadPoolName":"threadPoolExecutor01"}
24-09-19.15:27:00.017 [scheduling-1    ] INFO  ThreadPoolDataReportJob - 动态线程池，上报线程池配置：{"activeCount":0,"appName":"dynamic-thread-pool-test-app","corePoolSize":20,"maximumPoolSize":50,"poolSize":0,"queueSize":0,"queueType":"LinkedBlockingQueue","remainingCapacity":5000,"threadPoolName":"threadPoolExecutor02"}
24-09-19.15:27:20.005 [scheduling-1    ] INFO  ThreadPoolDataReportJob - 动态线程池，上报线程池信息：[{"activeCount":0,"appName":"dynamic-thread-pool-test-app","corePoolSize":20,"maximumPoolSize":50,"poolSize":0,"queueSize":0,"queueType":"LinkedBlockingQueue","remainingCapacity":5000,"threadPoolName":"threadPoolExecutor01"},{"activeCount":0,"appName":"dynamic-thread-pool-test-app","corePoolSize":20,"maximumPoolSize":50,"poolSize":0,"queueSize":0,"queueType":"LinkedBlockingQueue","remainingCapacity":5000,"threadPoolName":"threadPoolExecutor02"}]
24-09-19.15:27:20.009 [scheduling-1    ] INFO  ThreadPoolDataReportJob - 动态线程池，上报线程池配置：{"activeCount":0,"appName":"dynamic-thread-pool-test-app","corePoolSize":20,"maximumPoolSize":50,"poolSize":0,"queueSize":0,"queueType":"LinkedBlockingQueue","remainingCapacity":5000,"threadPoolName":"threadPoolExecutor01"}
24-09-19.15:27:20.017 [scheduling-1    ] INFO  ThreadPoolDataReportJob - 动态线程池，上报线程池配置：{"activeCount":0,"appName":"dynamic-thread-pool-test-app","corePoolSize":20,"maximumPoolSize":50,"poolSize":0,"queueSize":0,"queueType":"LinkedBlockingQueue","remainingCapacity":5000,"threadPoolName":"threadPoolExecutor02"}
24-09-19.15:27:40.006 [scheduling-1    ] INFO  ThreadPoolDataReportJob - 动态线程池，上报线程池信息：[{"activeCount":0,"appName":"dynamic-thread-pool-test-app","corePoolSize":20,"maximumPoolSize":50,"poolSize":0,"queueSize":0,"queueType":"LinkedBlockingQueue","remainingCapacity":5000,"threadPoolName":"threadPoolExecutor01"},{"activeCount":0,"appName":"dynamic-thread-pool-test-app","corePoolSize":20,"maximumPoolSize":50,"poolSize":0,"queueSize":0,"queueType":"LinkedBlockingQueue","remainingCapacity":5000,"threadPoolName":"threadPoolExecutor02"}]
24-09-19.15:27:40.010 [scheduling-1    ] INFO  ThreadPoolDataReportJob - 动态线程池，上报线程池配置：{"activeCount":0,"appName":"dynamic-thread-pool-test-app","corePoolSize":20,"maximumPoolSize":50,"poolSize":0,"queueSize":0,"queueType":"LinkedBlockingQueue","remainingCapacity":5000,"threadPoolName":"threadPoolExecutor01"}
24-09-19.15:27:40.014 [scheduling-1    ] INFO  ThreadPoolDataReportJob - 动态线程池，上报线程池配置：{"activeCount":0,"appName":"dynamic-thread-pool-test-app","corePoolSize":20,"maximumPoolSize":50,"poolSize":0,"queueSize":0,"queueType":"LinkedBlockingQueue","remainingCapacity":5000,"threadPoolName":"threadPoolExecutor02"}
24-09-19.15:28:00.006 [scheduling-1    ] INFO  ThreadPoolDataReportJob - 动态线程池，上报线程池信息：[{"activeCount":0,"appName":"dynamic-thread-pool-test-app","corePoolSize":20,"maximumPoolSize":50,"poolSize":0,"queueSize":0,"queueType":"LinkedBlockingQueue","remainingCapacity":5000,"threadPoolName":"threadPoolExecutor01"},{"activeCount":0,"appName":"dynamic-thread-pool-test-app","corePoolSize":20,"maximumPoolSize":50,"poolSize":0,"queueSize":0,"queueType":"LinkedBlockingQueue","remainingCapacity":5000,"threadPoolName":"threadPoolExecutor02"}]
24-09-19.15:28:00.009 [scheduling-1    ] INFO  ThreadPoolDataReportJob - 动态线程池，上报线程池配置：{"activeCount":0,"appName":"dynamic-thread-pool-test-app","corePoolSize":20,"maximumPoolSize":50,"poolSize":0,"queueSize":0,"queueType":"LinkedBlockingQueue","remainingCapacity":5000,"threadPoolName":"threadPoolExecutor01"}
24-09-19.15:28:00.011 [scheduling-1    ] INFO  ThreadPoolDataReportJob - 动态线程池，上报线程池配置：{"activeCount":0,"appName":"dynamic-thread-pool-test-app","corePoolSize":20,"maximumPoolSize":50,"poolSize":0,"queueSize":0,"queueType":"LinkedBlockingQueue","remainingCapacity":5000,"threadPoolName":"threadPoolExecutor02"}
24-09-19.15:28:20.004 [scheduling-1    ] INFO  ThreadPoolDataReportJob - 动态线程池，上报线程池信息：[{"activeCount":0,"appName":"dynamic-thread-pool-test-app","corePoolSize":20,"maximumPoolSize":50,"poolSize":0,"queueSize":0,"queueType":"LinkedBlockingQueue","remainingCapacity":5000,"threadPoolName":"threadPoolExecutor01"},{"activeCount":0,"appName":"dynamic-thread-pool-test-app","corePoolSize":20,"maximumPoolSize":50,"poolSize":0,"queueSize":0,"queueType":"LinkedBlockingQueue","remainingCapacity":5000,"threadPoolName":"threadPoolExecutor02"}]
24-09-19.15:28:20.006 [scheduling-1    ] INFO  ThreadPoolDataReportJob - 动态线程池，上报线程池配置：{"activeCount":0,"appName":"dynamic-thread-pool-test-app","corePoolSize":20,"maximumPoolSize":50,"poolSize":0,"queueSize":0,"queueType":"LinkedBlockingQueue","remainingCapacity":5000,"threadPoolName":"threadPoolExecutor01"}
24-09-19.15:28:20.009 [scheduling-1    ] INFO  ThreadPoolDataReportJob - 动态线程池，上报线程池配置：{"activeCount":0,"appName":"dynamic-thread-pool-test-app","corePoolSize":20,"maximumPoolSize":50,"poolSize":0,"queueSize":0,"queueType":"LinkedBlockingQueue","remainingCapacity":5000,"threadPoolName":"threadPoolExecutor02"}
24-09-19.15:28:40.075 [scheduling-1    ] INFO  ThreadPoolDataReportJob - 动态线程池，上报线程池信息：[{"activeCount":0,"appName":"dynamic-thread-pool-test-app","corePoolSize":20,"maximumPoolSize":50,"poolSize":0,"queueSize":0,"queueType":"LinkedBlockingQueue","remainingCapacity":5000,"threadPoolName":"threadPoolExecutor01"},{"activeCount":0,"appName":"dynamic-thread-pool-test-app","corePoolSize":20,"maximumPoolSize":50,"poolSize":0,"queueSize":0,"queueType":"LinkedBlockingQueue","remainingCapacity":5000,"threadPoolName":"threadPoolExecutor02"}]
24-09-19.15:28:40.078 [scheduling-1    ] INFO  ThreadPoolDataReportJob - 动态线程池，上报线程池配置：{"activeCount":0,"appName":"dynamic-thread-pool-test-app","corePoolSize":20,"maximumPoolSize":50,"poolSize":0,"queueSize":0,"queueType":"LinkedBlockingQueue","remainingCapacity":5000,"threadPoolName":"threadPoolExecutor01"}
24-09-19.15:28:40.088 [scheduling-1    ] INFO  ThreadPoolDataReportJob - 动态线程池，上报线程池配置：{"activeCount":0,"appName":"dynamic-thread-pool-test-app","corePoolSize":20,"maximumPoolSize":50,"poolSize":0,"queueSize":0,"queueType":"LinkedBlockingQueue","remainingCapacity":5000,"threadPoolName":"threadPoolExecutor02"}
24-09-19.15:29:00.004 [scheduling-1    ] INFO  ThreadPoolDataReportJob - 动态线程池，上报线程池信息：[{"activeCount":0,"appName":"dynamic-thread-pool-test-app","corePoolSize":20,"maximumPoolSize":50,"poolSize":0,"queueSize":0,"queueType":"LinkedBlockingQueue","remainingCapacity":5000,"threadPoolName":"threadPoolExecutor01"},{"activeCount":0,"appName":"dynamic-thread-pool-test-app","corePoolSize":20,"maximumPoolSize":50,"poolSize":0,"queueSize":0,"queueType":"LinkedBlockingQueue","remainingCapacity":5000,"threadPoolName":"threadPoolExecutor02"}]
24-09-19.15:29:00.007 [scheduling-1    ] INFO  ThreadPoolDataReportJob - 动态线程池，上报线程池配置：{"activeCount":0,"appName":"dynamic-thread-pool-test-app","corePoolSize":20,"maximumPoolSize":50,"poolSize":0,"queueSize":0,"queueType":"LinkedBlockingQueue","remainingCapacity":5000,"threadPoolName":"threadPoolExecutor01"}
24-09-19.15:29:00.009 [scheduling-1    ] INFO  ThreadPoolDataReportJob - 动态线程池，上报线程池配置：{"activeCount":0,"appName":"dynamic-thread-pool-test-app","corePoolSize":20,"maximumPoolSize":50,"poolSize":0,"queueSize":0,"queueType":"LinkedBlockingQueue","remainingCapacity":5000,"threadPoolName":"threadPoolExecutor02"}
24-09-19.15:29:20.004 [scheduling-1    ] INFO  ThreadPoolDataReportJob - 动态线程池，上报线程池信息：[{"activeCount":0,"appName":"dynamic-thread-pool-test-app","corePoolSize":20,"maximumPoolSize":50,"poolSize":0,"queueSize":0,"queueType":"LinkedBlockingQueue","remainingCapacity":5000,"threadPoolName":"threadPoolExecutor01"},{"activeCount":0,"appName":"dynamic-thread-pool-test-app","corePoolSize":20,"maximumPoolSize":50,"poolSize":0,"queueSize":0,"queueType":"LinkedBlockingQueue","remainingCapacity":5000,"threadPoolName":"threadPoolExecutor02"}]
24-09-19.15:29:20.006 [scheduling-1    ] INFO  ThreadPoolDataReportJob - 动态线程池，上报线程池配置：{"activeCount":0,"appName":"dynamic-thread-pool-test-app","corePoolSize":20,"maximumPoolSize":50,"poolSize":0,"queueSize":0,"queueType":"LinkedBlockingQueue","remainingCapacity":5000,"threadPoolName":"threadPoolExecutor01"}
24-09-19.15:29:20.008 [scheduling-1    ] INFO  ThreadPoolDataReportJob - 动态线程池，上报线程池配置：{"activeCount":0,"appName":"dynamic-thread-pool-test-app","corePoolSize":20,"maximumPoolSize":50,"poolSize":0,"queueSize":0,"queueType":"LinkedBlockingQueue","remainingCapacity":5000,"threadPoolName":"threadPoolExecutor02"}
24-09-19.15:29:40.006 [scheduling-1    ] INFO  ThreadPoolDataReportJob - 动态线程池，上报线程池信息：[{"activeCount":0,"appName":"dynamic-thread-pool-test-app","corePoolSize":20,"maximumPoolSize":50,"poolSize":0,"queueSize":0,"queueType":"LinkedBlockingQueue","remainingCapacity":5000,"threadPoolName":"threadPoolExecutor01"},{"activeCount":0,"appName":"dynamic-thread-pool-test-app","corePoolSize":20,"maximumPoolSize":50,"poolSize":0,"queueSize":0,"queueType":"LinkedBlockingQueue","remainingCapacity":5000,"threadPoolName":"threadPoolExecutor02"}]
24-09-19.15:29:40.009 [scheduling-1    ] INFO  ThreadPoolDataReportJob - 动态线程池，上报线程池配置：{"activeCount":0,"appName":"dynamic-thread-pool-test-app","corePoolSize":20,"maximumPoolSize":50,"poolSize":0,"queueSize":0,"queueType":"LinkedBlockingQueue","remainingCapacity":5000,"threadPoolName":"threadPoolExecutor01"}
24-09-19.15:29:40.010 [scheduling-1    ] INFO  ThreadPoolDataReportJob - 动态线程池，上报线程池配置：{"activeCount":0,"appName":"dynamic-thread-pool-test-app","corePoolSize":20,"maximumPoolSize":50,"poolSize":0,"queueSize":0,"queueType":"LinkedBlockingQueue","remainingCapacity":5000,"threadPoolName":"threadPoolExecutor02"}
24-09-19.15:30:00.007 [scheduling-1    ] INFO  ThreadPoolDataReportJob - 动态线程池，上报线程池信息：[{"activeCount":0,"appName":"dynamic-thread-pool-test-app","corePoolSize":20,"maximumPoolSize":50,"poolSize":0,"queueSize":0,"queueType":"LinkedBlockingQueue","remainingCapacity":5000,"threadPoolName":"threadPoolExecutor01"},{"activeCount":0,"appName":"dynamic-thread-pool-test-app","corePoolSize":20,"maximumPoolSize":50,"poolSize":0,"queueSize":0,"queueType":"LinkedBlockingQueue","remainingCapacity":5000,"threadPoolName":"threadPoolExecutor02"}]
24-09-19.15:30:00.011 [scheduling-1    ] INFO  ThreadPoolDataReportJob - 动态线程池，上报线程池配置：{"activeCount":0,"appName":"dynamic-thread-pool-test-app","corePoolSize":20,"maximumPoolSize":50,"poolSize":0,"queueSize":0,"queueType":"LinkedBlockingQueue","remainingCapacity":5000,"threadPoolName":"threadPoolExecutor01"}
24-09-19.15:30:00.013 [scheduling-1    ] INFO  ThreadPoolDataReportJob - 动态线程池，上报线程池配置：{"activeCount":0,"appName":"dynamic-thread-pool-test-app","corePoolSize":20,"maximumPoolSize":50,"poolSize":0,"queueSize":0,"queueType":"LinkedBlockingQueue","remainingCapacity":5000,"threadPoolName":"threadPoolExecutor02"}
24-09-19.15:30:20.009 [scheduling-1    ] INFO  ThreadPoolDataReportJob - 动态线程池，上报线程池信息：[{"activeCount":0,"appName":"dynamic-thread-pool-test-app","corePoolSize":20,"maximumPoolSize":50,"poolSize":0,"queueSize":0,"queueType":"LinkedBlockingQueue","remainingCapacity":5000,"threadPoolName":"threadPoolExecutor01"},{"activeCount":0,"appName":"dynamic-thread-pool-test-app","corePoolSize":20,"maximumPoolSize":50,"poolSize":0,"queueSize":0,"queueType":"LinkedBlockingQueue","remainingCapacity":5000,"threadPoolName":"threadPoolExecutor02"}]
24-09-19.15:30:20.011 [scheduling-1    ] INFO  ThreadPoolDataReportJob - 动态线程池，上报线程池配置：{"activeCount":0,"appName":"dynamic-thread-pool-test-app","corePoolSize":20,"maximumPoolSize":50,"poolSize":0,"queueSize":0,"queueType":"LinkedBlockingQueue","remainingCapacity":5000,"threadPoolName":"threadPoolExecutor01"}
24-09-19.15:30:20.013 [scheduling-1    ] INFO  ThreadPoolDataReportJob - 动态线程池，上报线程池配置：{"activeCount":0,"appName":"dynamic-thread-pool-test-app","corePoolSize":20,"maximumPoolSize":50,"poolSize":0,"queueSize":0,"queueType":"LinkedBlockingQueue","remainingCapacity":5000,"threadPoolName":"threadPoolExecutor02"}
24-09-19.15:30:40.008 [scheduling-1    ] INFO  ThreadPoolDataReportJob - 动态线程池，上报线程池信息：[{"activeCount":0,"appName":"dynamic-thread-pool-test-app","corePoolSize":20,"maximumPoolSize":50,"poolSize":0,"queueSize":0,"queueType":"LinkedBlockingQueue","remainingCapacity":5000,"threadPoolName":"threadPoolExecutor01"},{"activeCount":0,"appName":"dynamic-thread-pool-test-app","corePoolSize":20,"maximumPoolSize":50,"poolSize":0,"queueSize":0,"queueType":"LinkedBlockingQueue","remainingCapacity":5000,"threadPoolName":"threadPoolExecutor02"}]
24-09-19.15:30:40.011 [scheduling-1    ] INFO  ThreadPoolDataReportJob - 动态线程池，上报线程池配置：{"activeCount":0,"appName":"dynamic-thread-pool-test-app","corePoolSize":20,"maximumPoolSize":50,"poolSize":0,"queueSize":0,"queueType":"LinkedBlockingQueue","remainingCapacity":5000,"threadPoolName":"threadPoolExecutor01"}
24-09-19.15:30:40.013 [scheduling-1    ] INFO  ThreadPoolDataReportJob - 动态线程池，上报线程池配置：{"activeCount":0,"appName":"dynamic-thread-pool-test-app","corePoolSize":20,"maximumPoolSize":50,"poolSize":0,"queueSize":0,"queueType":"LinkedBlockingQueue","remainingCapacity":5000,"threadPoolName":"threadPoolExecutor02"}
24-09-19.15:31:00.008 [scheduling-1    ] INFO  ThreadPoolDataReportJob - 动态线程池，上报线程池信息：[{"activeCount":0,"appName":"dynamic-thread-pool-test-app","corePoolSize":20,"maximumPoolSize":50,"poolSize":0,"queueSize":0,"queueType":"LinkedBlockingQueue","remainingCapacity":5000,"threadPoolName":"threadPoolExecutor01"},{"activeCount":0,"appName":"dynamic-thread-pool-test-app","corePoolSize":20,"maximumPoolSize":50,"poolSize":0,"queueSize":0,"queueType":"LinkedBlockingQueue","remainingCapacity":5000,"threadPoolName":"threadPoolExecutor02"}]
24-09-19.15:31:00.011 [scheduling-1    ] INFO  ThreadPoolDataReportJob - 动态线程池，上报线程池配置：{"activeCount":0,"appName":"dynamic-thread-pool-test-app","corePoolSize":20,"maximumPoolSize":50,"poolSize":0,"queueSize":0,"queueType":"LinkedBlockingQueue","remainingCapacity":5000,"threadPoolName":"threadPoolExecutor01"}
24-09-19.15:31:00.014 [scheduling-1    ] INFO  ThreadPoolDataReportJob - 动态线程池，上报线程池配置：{"activeCount":0,"appName":"dynamic-thread-pool-test-app","corePoolSize":20,"maximumPoolSize":50,"poolSize":0,"queueSize":0,"queueType":"LinkedBlockingQueue","remainingCapacity":5000,"threadPoolName":"threadPoolExecutor02"}
24-09-19.15:31:20.008 [scheduling-1    ] INFO  ThreadPoolDataReportJob - 动态线程池，上报线程池信息：[{"activeCount":0,"appName":"dynamic-thread-pool-test-app","corePoolSize":20,"maximumPoolSize":50,"poolSize":0,"queueSize":0,"queueType":"LinkedBlockingQueue","remainingCapacity":5000,"threadPoolName":"threadPoolExecutor01"},{"activeCount":0,"appName":"dynamic-thread-pool-test-app","corePoolSize":20,"maximumPoolSize":50,"poolSize":0,"queueSize":0,"queueType":"LinkedBlockingQueue","remainingCapacity":5000,"threadPoolName":"threadPoolExecutor02"}]
24-09-19.15:31:20.010 [scheduling-1    ] INFO  ThreadPoolDataReportJob - 动态线程池，上报线程池配置：{"activeCount":0,"appName":"dynamic-thread-pool-test-app","corePoolSize":20,"maximumPoolSize":50,"poolSize":0,"queueSize":0,"queueType":"LinkedBlockingQueue","remainingCapacity":5000,"threadPoolName":"threadPoolExecutor01"}
24-09-19.15:31:20.013 [scheduling-1    ] INFO  ThreadPoolDataReportJob - 动态线程池，上报线程池配置：{"activeCount":0,"appName":"dynamic-thread-pool-test-app","corePoolSize":20,"maximumPoolSize":50,"poolSize":0,"queueSize":0,"queueType":"LinkedBlockingQueue","remainingCapacity":5000,"threadPoolName":"threadPoolExecutor02"}
24-09-19.15:31:40.010 [scheduling-1    ] INFO  ThreadPoolDataReportJob - 动态线程池，上报线程池信息：[{"activeCount":0,"appName":"dynamic-thread-pool-test-app","corePoolSize":20,"maximumPoolSize":50,"poolSize":0,"queueSize":0,"queueType":"LinkedBlockingQueue","remainingCapacity":5000,"threadPoolName":"threadPoolExecutor01"},{"activeCount":0,"appName":"dynamic-thread-pool-test-app","corePoolSize":20,"maximumPoolSize":50,"poolSize":0,"queueSize":0,"queueType":"LinkedBlockingQueue","remainingCapacity":5000,"threadPoolName":"threadPoolExecutor02"}]
24-09-19.15:31:40.012 [scheduling-1    ] INFO  ThreadPoolDataReportJob - 动态线程池，上报线程池配置：{"activeCount":0,"appName":"dynamic-thread-pool-test-app","corePoolSize":20,"maximumPoolSize":50,"poolSize":0,"queueSize":0,"queueType":"LinkedBlockingQueue","remainingCapacity":5000,"threadPoolName":"threadPoolExecutor01"}
24-09-19.15:31:40.014 [scheduling-1    ] INFO  ThreadPoolDataReportJob - 动态线程池，上报线程池配置：{"activeCount":0,"appName":"dynamic-thread-pool-test-app","corePoolSize":20,"maximumPoolSize":50,"poolSize":0,"queueSize":0,"queueType":"LinkedBlockingQueue","remainingCapacity":5000,"threadPoolName":"threadPoolExecutor02"}
24-09-19.15:32:00.007 [scheduling-1    ] INFO  ThreadPoolDataReportJob - 动态线程池，上报线程池信息：[{"activeCount":0,"appName":"dynamic-thread-pool-test-app","corePoolSize":20,"maximumPoolSize":50,"poolSize":0,"queueSize":0,"queueType":"LinkedBlockingQueue","remainingCapacity":5000,"threadPoolName":"threadPoolExecutor01"},{"activeCount":0,"appName":"dynamic-thread-pool-test-app","corePoolSize":20,"maximumPoolSize":50,"poolSize":0,"queueSize":0,"queueType":"LinkedBlockingQueue","remainingCapacity":5000,"threadPoolName":"threadPoolExecutor02"}]
24-09-19.15:32:00.010 [scheduling-1    ] INFO  ThreadPoolDataReportJob - 动态线程池，上报线程池配置：{"activeCount":0,"appName":"dynamic-thread-pool-test-app","corePoolSize":20,"maximumPoolSize":50,"poolSize":0,"queueSize":0,"queueType":"LinkedBlockingQueue","remainingCapacity":5000,"threadPoolName":"threadPoolExecutor01"}
24-09-19.15:32:00.013 [scheduling-1    ] INFO  ThreadPoolDataReportJob - 动态线程池，上报线程池配置：{"activeCount":0,"appName":"dynamic-thread-pool-test-app","corePoolSize":20,"maximumPoolSize":50,"poolSize":0,"queueSize":0,"queueType":"LinkedBlockingQueue","remainingCapacity":5000,"threadPoolName":"threadPoolExecutor02"}
24-09-19.15:32:20.007 [scheduling-1    ] INFO  ThreadPoolDataReportJob - 动态线程池，上报线程池信息：[{"activeCount":0,"appName":"dynamic-thread-pool-test-app","corePoolSize":20,"maximumPoolSize":50,"poolSize":0,"queueSize":0,"queueType":"LinkedBlockingQueue","remainingCapacity":5000,"threadPoolName":"threadPoolExecutor01"},{"activeCount":0,"appName":"dynamic-thread-pool-test-app","corePoolSize":20,"maximumPoolSize":50,"poolSize":0,"queueSize":0,"queueType":"LinkedBlockingQueue","remainingCapacity":5000,"threadPoolName":"threadPoolExecutor02"}]
24-09-19.15:32:20.011 [scheduling-1    ] INFO  ThreadPoolDataReportJob - 动态线程池，上报线程池配置：{"activeCount":0,"appName":"dynamic-thread-pool-test-app","corePoolSize":20,"maximumPoolSize":50,"poolSize":0,"queueSize":0,"queueType":"LinkedBlockingQueue","remainingCapacity":5000,"threadPoolName":"threadPoolExecutor01"}
24-09-19.15:32:20.014 [scheduling-1    ] INFO  ThreadPoolDataReportJob - 动态线程池，上报线程池配置：{"activeCount":0,"appName":"dynamic-thread-pool-test-app","corePoolSize":20,"maximumPoolSize":50,"poolSize":0,"queueSize":0,"queueType":"LinkedBlockingQueue","remainingCapacity":5000,"threadPoolName":"threadPoolExecutor02"}
24-09-19.15:32:40.006 [scheduling-1    ] INFO  ThreadPoolDataReportJob - 动态线程池，上报线程池信息：[{"activeCount":0,"appName":"dynamic-thread-pool-test-app","corePoolSize":20,"maximumPoolSize":50,"poolSize":0,"queueSize":0,"queueType":"LinkedBlockingQueue","remainingCapacity":5000,"threadPoolName":"threadPoolExecutor01"},{"activeCount":0,"appName":"dynamic-thread-pool-test-app","corePoolSize":20,"maximumPoolSize":50,"poolSize":0,"queueSize":0,"queueType":"LinkedBlockingQueue","remainingCapacity":5000,"threadPoolName":"threadPoolExecutor02"}]
24-09-19.15:32:40.010 [scheduling-1    ] INFO  ThreadPoolDataReportJob - 动态线程池，上报线程池配置：{"activeCount":0,"appName":"dynamic-thread-pool-test-app","corePoolSize":20,"maximumPoolSize":50,"poolSize":0,"queueSize":0,"queueType":"LinkedBlockingQueue","remainingCapacity":5000,"threadPoolName":"threadPoolExecutor01"}
24-09-19.15:32:40.012 [scheduling-1    ] INFO  ThreadPoolDataReportJob - 动态线程池，上报线程池配置：{"activeCount":0,"appName":"dynamic-thread-pool-test-app","corePoolSize":20,"maximumPoolSize":50,"poolSize":0,"queueSize":0,"queueType":"LinkedBlockingQueue","remainingCapacity":5000,"threadPoolName":"threadPoolExecutor02"}
24-09-19.15:33:00.007 [scheduling-1    ] INFO  ThreadPoolDataReportJob - 动态线程池，上报线程池信息：[{"activeCount":0,"appName":"dynamic-thread-pool-test-app","corePoolSize":20,"maximumPoolSize":50,"poolSize":0,"queueSize":0,"queueType":"LinkedBlockingQueue","remainingCapacity":5000,"threadPoolName":"threadPoolExecutor01"},{"activeCount":0,"appName":"dynamic-thread-pool-test-app","corePoolSize":20,"maximumPoolSize":50,"poolSize":0,"queueSize":0,"queueType":"LinkedBlockingQueue","remainingCapacity":5000,"threadPoolName":"threadPoolExecutor02"}]
24-09-19.15:33:00.009 [scheduling-1    ] INFO  ThreadPoolDataReportJob - 动态线程池，上报线程池配置：{"activeCount":0,"appName":"dynamic-thread-pool-test-app","corePoolSize":20,"maximumPoolSize":50,"poolSize":0,"queueSize":0,"queueType":"LinkedBlockingQueue","remainingCapacity":5000,"threadPoolName":"threadPoolExecutor01"}
24-09-19.15:33:00.011 [scheduling-1    ] INFO  ThreadPoolDataReportJob - 动态线程池，上报线程池配置：{"activeCount":0,"appName":"dynamic-thread-pool-test-app","corePoolSize":20,"maximumPoolSize":50,"poolSize":0,"queueSize":0,"queueType":"LinkedBlockingQueue","remainingCapacity":5000,"threadPoolName":"threadPoolExecutor02"}
24-09-19.15:33:20.001 [scheduling-1    ] INFO  ThreadPoolDataReportJob - 动态线程池，上报线程池信息：[{"activeCount":0,"appName":"dynamic-thread-pool-test-app","corePoolSize":20,"maximumPoolSize":50,"poolSize":0,"queueSize":0,"queueType":"LinkedBlockingQueue","remainingCapacity":5000,"threadPoolName":"threadPoolExecutor01"},{"activeCount":0,"appName":"dynamic-thread-pool-test-app","corePoolSize":20,"maximumPoolSize":50,"poolSize":0,"queueSize":0,"queueType":"LinkedBlockingQueue","remainingCapacity":5000,"threadPoolName":"threadPoolExecutor02"}]
24-09-19.15:33:20.003 [scheduling-1    ] INFO  ThreadPoolDataReportJob - 动态线程池，上报线程池配置：{"activeCount":0,"appName":"dynamic-thread-pool-test-app","corePoolSize":20,"maximumPoolSize":50,"poolSize":0,"queueSize":0,"queueType":"LinkedBlockingQueue","remainingCapacity":5000,"threadPoolName":"threadPoolExecutor01"}
24-09-19.15:33:20.005 [scheduling-1    ] INFO  ThreadPoolDataReportJob - 动态线程池，上报线程池配置：{"activeCount":0,"appName":"dynamic-thread-pool-test-app","corePoolSize":20,"maximumPoolSize":50,"poolSize":0,"queueSize":0,"queueType":"LinkedBlockingQueue","remainingCapacity":5000,"threadPoolName":"threadPoolExecutor02"}
24-09-19.15:33:40.001 [scheduling-1    ] INFO  ThreadPoolDataReportJob - 动态线程池，上报线程池信息：[{"activeCount":0,"appName":"dynamic-thread-pool-test-app","corePoolSize":20,"maximumPoolSize":50,"poolSize":0,"queueSize":0,"queueType":"LinkedBlockingQueue","remainingCapacity":5000,"threadPoolName":"threadPoolExecutor01"},{"activeCount":0,"appName":"dynamic-thread-pool-test-app","corePoolSize":20,"maximumPoolSize":50,"poolSize":0,"queueSize":0,"queueType":"LinkedBlockingQueue","remainingCapacity":5000,"threadPoolName":"threadPoolExecutor02"}]
24-09-19.15:33:40.003 [scheduling-1    ] INFO  ThreadPoolDataReportJob - 动态线程池，上报线程池配置：{"activeCount":0,"appName":"dynamic-thread-pool-test-app","corePoolSize":20,"maximumPoolSize":50,"poolSize":0,"queueSize":0,"queueType":"LinkedBlockingQueue","remainingCapacity":5000,"threadPoolName":"threadPoolExecutor01"}
24-09-19.15:33:40.005 [scheduling-1    ] INFO  ThreadPoolDataReportJob - 动态线程池，上报线程池配置：{"activeCount":0,"appName":"dynamic-thread-pool-test-app","corePoolSize":20,"maximumPoolSize":50,"poolSize":0,"queueSize":0,"queueType":"LinkedBlockingQueue","remainingCapacity":5000,"threadPoolName":"threadPoolExecutor02"}
24-09-19.15:34:00.008 [scheduling-1    ] INFO  ThreadPoolDataReportJob - 动态线程池，上报线程池信息：[{"activeCount":0,"appName":"dynamic-thread-pool-test-app","corePoolSize":20,"maximumPoolSize":50,"poolSize":0,"queueSize":0,"queueType":"LinkedBlockingQueue","remainingCapacity":5000,"threadPoolName":"threadPoolExecutor01"},{"activeCount":0,"appName":"dynamic-thread-pool-test-app","corePoolSize":20,"maximumPoolSize":50,"poolSize":0,"queueSize":0,"queueType":"LinkedBlockingQueue","remainingCapacity":5000,"threadPoolName":"threadPoolExecutor02"}]
24-09-19.15:34:00.010 [scheduling-1    ] INFO  ThreadPoolDataReportJob - 动态线程池，上报线程池配置：{"activeCount":0,"appName":"dynamic-thread-pool-test-app","corePoolSize":20,"maximumPoolSize":50,"poolSize":0,"queueSize":0,"queueType":"LinkedBlockingQueue","remainingCapacity":5000,"threadPoolName":"threadPoolExecutor01"}
24-09-19.15:34:00.011 [scheduling-1    ] INFO  ThreadPoolDataReportJob - 动态线程池，上报线程池配置：{"activeCount":0,"appName":"dynamic-thread-pool-test-app","corePoolSize":20,"maximumPoolSize":50,"poolSize":0,"queueSize":0,"queueType":"LinkedBlockingQueue","remainingCapacity":5000,"threadPoolName":"threadPoolExecutor02"}
24-09-19.15:34:20.003 [scheduling-1    ] INFO  ThreadPoolDataReportJob - 动态线程池，上报线程池信息：[{"activeCount":0,"appName":"dynamic-thread-pool-test-app","corePoolSize":20,"maximumPoolSize":50,"poolSize":0,"queueSize":0,"queueType":"LinkedBlockingQueue","remainingCapacity":5000,"threadPoolName":"threadPoolExecutor01"},{"activeCount":0,"appName":"dynamic-thread-pool-test-app","corePoolSize":20,"maximumPoolSize":50,"poolSize":0,"queueSize":0,"queueType":"LinkedBlockingQueue","remainingCapacity":5000,"threadPoolName":"threadPoolExecutor02"}]
24-09-19.15:34:20.004 [scheduling-1    ] INFO  ThreadPoolDataReportJob - 动态线程池，上报线程池配置：{"activeCount":0,"appName":"dynamic-thread-pool-test-app","corePoolSize":20,"maximumPoolSize":50,"poolSize":0,"queueSize":0,"queueType":"LinkedBlockingQueue","remainingCapacity":5000,"threadPoolName":"threadPoolExecutor01"}
24-09-19.15:34:20.006 [scheduling-1    ] INFO  ThreadPoolDataReportJob - 动态线程池，上报线程池配置：{"activeCount":0,"appName":"dynamic-thread-pool-test-app","corePoolSize":20,"maximumPoolSize":50,"poolSize":0,"queueSize":0,"queueType":"LinkedBlockingQueue","remainingCapacity":5000,"threadPoolName":"threadPoolExecutor02"}
24-09-19.15:34:40.008 [scheduling-1    ] INFO  ThreadPoolDataReportJob - 动态线程池，上报线程池信息：[{"activeCount":0,"appName":"dynamic-thread-pool-test-app","corePoolSize":20,"maximumPoolSize":50,"poolSize":0,"queueSize":0,"queueType":"LinkedBlockingQueue","remainingCapacity":5000,"threadPoolName":"threadPoolExecutor01"},{"activeCount":0,"appName":"dynamic-thread-pool-test-app","corePoolSize":20,"maximumPoolSize":50,"poolSize":0,"queueSize":0,"queueType":"LinkedBlockingQueue","remainingCapacity":5000,"threadPoolName":"threadPoolExecutor02"}]
24-09-19.15:34:40.010 [scheduling-1    ] INFO  ThreadPoolDataReportJob - 动态线程池，上报线程池配置：{"activeCount":0,"appName":"dynamic-thread-pool-test-app","corePoolSize":20,"maximumPoolSize":50,"poolSize":0,"queueSize":0,"queueType":"LinkedBlockingQueue","remainingCapacity":5000,"threadPoolName":"threadPoolExecutor01"}
24-09-19.15:34:40.012 [scheduling-1    ] INFO  ThreadPoolDataReportJob - 动态线程池，上报线程池配置：{"activeCount":0,"appName":"dynamic-thread-pool-test-app","corePoolSize":20,"maximumPoolSize":50,"poolSize":0,"queueSize":0,"queueType":"LinkedBlockingQueue","remainingCapacity":5000,"threadPoolName":"threadPoolExecutor02"}
24-09-19.15:35:00.006 [scheduling-1    ] INFO  ThreadPoolDataReportJob - 动态线程池，上报线程池信息：[{"activeCount":0,"appName":"dynamic-thread-pool-test-app","corePoolSize":20,"maximumPoolSize":50,"poolSize":0,"queueSize":0,"queueType":"LinkedBlockingQueue","remainingCapacity":5000,"threadPoolName":"threadPoolExecutor01"},{"activeCount":0,"appName":"dynamic-thread-pool-test-app","corePoolSize":20,"maximumPoolSize":50,"poolSize":0,"queueSize":0,"queueType":"LinkedBlockingQueue","remainingCapacity":5000,"threadPoolName":"threadPoolExecutor02"}]
24-09-19.15:35:00.010 [scheduling-1    ] INFO  ThreadPoolDataReportJob - 动态线程池，上报线程池配置：{"activeCount":0,"appName":"dynamic-thread-pool-test-app","corePoolSize":20,"maximumPoolSize":50,"poolSize":0,"queueSize":0,"queueType":"LinkedBlockingQueue","remainingCapacity":5000,"threadPoolName":"threadPoolExecutor01"}
24-09-19.15:35:00.012 [scheduling-1    ] INFO  ThreadPoolDataReportJob - 动态线程池，上报线程池配置：{"activeCount":0,"appName":"dynamic-thread-pool-test-app","corePoolSize":20,"maximumPoolSize":50,"poolSize":0,"queueSize":0,"queueType":"LinkedBlockingQueue","remainingCapacity":5000,"threadPoolName":"threadPoolExecutor02"}
